NumExpr defaulting to 8 threads.
[I 2022-07-08 09:09:22.712 ServerApp] jupyterlab | extension was successfully linked.
[I 2022-07-08 09:09:22.924 ServerApp] nbclassic | extension was successfully linked.
[I 2022-07-08 09:09:22.924 ServerApp] panel.io.jupyter_server_extension | extension was successfully linked.
[I 2022-07-08 09:09:22.958 LabApp] JupyterLab extension loaded from /Users/michaelcruz/opt/anaconda3/envs/dev/lib/python3.8/site-packages/jupyterlab
[I 2022-07-08 09:09:22.959 LabApp] JupyterLab application directory is /Users/michaelcruz/opt/anaconda3/envs/dev/share/jupyter/lab
[I 2022-07-08 09:09:22.961 ServerApp] jupyterlab | extension was successfully loaded.
[I 2022-07-08 09:09:22.964 ServerApp] nbclassic | extension was successfully loaded.
[I 2022-07-08 09:09:22.965 ServerApp] panel.io.jupyter_server_extension | extension was successfully loaded.
[I 2022-07-08 09:09:22.965 ServerApp] Serving notebooks from local directory: /Users/michaelcruz/git/FinTech-Mod7-Challenge
[I 2022-07-08 09:09:22.965 ServerApp] Jupyter Server 1.4.1 is running at:
[I 2022-07-08 09:09:22.965 ServerApp] http://localhost:8888/lab
[I 2022-07-08 09:09:22.965 ServerApp]  or http://127.0.0.1:8888/lab
[I 2022-07-08 09:09:22.965 ServerApp] Use Control-C to stop this server and shut down all kernels (twice to skip confirmation).
[W 2022-07-08 09:09:28.281 LabApp] Could not determine jupyterlab build status without nodejs
TermSocket.open: 1
[I 2022-07-08 09:09:28.293 ServerApp] New terminal with specified name: 1
TermSocket.open: Opened 1
[W 2022-07-08 09:09:28.307 ServerApp] 404 GET /api/contents/san_francisco_housing.ipynb?content=0&1657285768283 (::1): No such file or directory: san_francisco_housing.ipynb
[W 2022-07-08 09:09:28.308 ServerApp] No such file or directory: san_francisco_housing.ipynb
[W 2022-07-08 09:09:28.308 ServerApp] 404 GET /api/contents/san_francisco_housing.ipynb?content=0&1657285768283 (::1) 15.75ms referer=http://localhost:8888/lab
[I 2022-07-08 09:09:32.728 ServerApp] Creating new notebook in 
[I 2022-07-08 09:09:32.953 ServerApp] Kernel started: 556f54e1-102b-40b2-8c43-3824738e1f55
[I 2022-07-08 09:11:34.758 ServerApp] Saving file at /working_notebook.ipynb
Websocket closed
[I 2022-07-08 09:19:35.346 ServerApp] Starting buffering for 556f54e1-102b-40b2-8c43-3824738e1f55:d3b0c5ce-c3ee-45ad-b0f2-3def8bb3097b
TermSocket.open: 1
TermSocket.open: Opened 1
Websocket closed
[I 2022-07-08 09:23:49.708 ServerApp] Starting buffering for 556f54e1-102b-40b2-8c43-3824738e1f55:f22e71ba-5f8b-4332-bed7-a0dcd6a8c36f
TermSocket.open: 1
TermSocket.open: Opened 1
Websocket closed
[I 2022-07-08 09:25:25.139 ServerApp] Starting buffering for 556f54e1-102b-40b2-8c43-3824738e1f55:d3b0c5ce-c3ee-45ad-b0f2-3def8bb3097b
TermSocket.open: 1
TermSocket.open: Opened 1
[W 2022-07-08 09:53:36.255 ServerApp] Notebook challenge.ipynb is not trusted
[I 2022-07-08 09:53:36.418 ServerApp] Kernel started: a65e3280-5200-4f0a-a29b-e3ebccd763fb
[I 2022-07-08 09:55:31.159 ServerApp] Saving file at /challenge.ipynb
Websocket closed
[I 2022-07-08 10:15:42.412 ServerApp] Starting buffering for a65e3280-5200-4f0a-a29b-e3ebccd763fb:2cad830b-a4f6-4703-a0f7-073f79a8b160
[I 2022-07-08 10:15:42.414 ServerApp] Starting buffering for 556f54e1-102b-40b2-8c43-3824738e1f55:f22e71ba-5f8b-4332-bed7-a0dcd6a8c36f
[W 2022-07-08 10:15:58.319 LabApp] Could not determine jupyterlab build status without nodejs
TermSocket.open: 1
TermSocket.open: Opened 1
[W 2022-07-08 10:15:58.502 ServerApp] Notebook working_notebook.ipynb is not trusted
[W 2022-07-08 10:15:58.505 ServerApp] Notebook challenge.ipynb is not trusted
[I 2022-07-08 10:16:43.125 ServerApp] Kernel shutdown: 556f54e1-102b-40b2-8c43-3824738e1f55
[I 2022-07-08 10:16:43.130 ServerApp] Kernel shutdown: a65e3280-5200-4f0a-a29b-e3ebccd763fb
[I 2022-07-08 10:16:43.240 ServerApp] EOF on FD 22; stopping reading
[I 2022-07-08 10:16:43.345 ServerApp] Terminal 1 closed
Websocket closed
[I 2022-07-08 10:16:43.402 ServerApp] Shutting down on /api/shutdown request.
[I 2022-07-08 10:16:43.403 ServerApp] Shutting down 0 kernels
/panel-preview/ /panel-preview
NumExpr defaulting to 8 threads.
[I 2022-07-13 18:55:51.899 ServerApp] jupyterlab | extension was successfully linked.
[I 2022-07-13 18:55:52.152 ServerApp] nbclassic | extension was successfully linked.
[I 2022-07-13 18:55:52.152 ServerApp] panel.io.jupyter_server_extension | extension was successfully linked.
[I 2022-07-13 18:55:52.189 ServerApp] The port 8888 is already in use, trying another port.
[I 2022-07-13 18:55:52.197 LabApp] JupyterLab extension loaded from /Users/michaelcruz/opt/anaconda3/envs/dev/lib/python3.8/site-packages/jupyterlab
[I 2022-07-13 18:55:52.199 LabApp] JupyterLab application directory is /Users/michaelcruz/opt/anaconda3/envs/dev/share/jupyter/lab
[I 2022-07-13 18:55:52.202 ServerApp] jupyterlab | extension was successfully loaded.
[I 2022-07-13 18:55:52.207 ServerApp] nbclassic | extension was successfully loaded.
[I 2022-07-13 18:55:52.221 ServerApp] panel.io.jupyter_server_extension | extension was successfully loaded.
[I 2022-07-13 18:55:52.221 ServerApp] Serving notebooks from local directory: /Users/michaelcruz/git/FinTech-Mod7-Challenge
[I 2022-07-13 18:55:52.221 ServerApp] Jupyter Server 1.4.1 is running at:
[I 2022-07-13 18:55:52.221 ServerApp] http://localhost:8889/lab
[I 2022-07-13 18:55:52.221 ServerApp]  or http://127.0.0.1:8889/lab
[I 2022-07-13 18:55:52.221 ServerApp] Use Control-C to stop this server and shut down all kernels (twice to skip confirmation).
[W 2022-07-13 18:55:56.155 LabApp] Could not determine jupyterlab build status without nodejs
TermSocket.open: 1
[I 2022-07-13 18:57:12.100 ServerApp] New terminal with specified name: 1
TermSocket.open: Opened 1
[W 2022-07-13 18:57:12.733 ServerApp] 404 GET /api/contents/Resources?1657753032729 (::1): No such file or directory: Resources
[W 2022-07-13 18:57:12.734 ServerApp] No such file or directory: Resources
[W 2022-07-13 18:57:12.734 ServerApp] 404 GET /api/contents/Resources?1657753032729 (::1) 2.73ms referer=http://localhost:8889/lab
[I 2022-07-13 18:57:24.169 ServerApp] EOF on FD 22; stopping reading
[I 2022-07-13 18:57:24.272 ServerApp] Terminal 1 closed
Websocket closed
[I 2022-07-13 18:57:24.298 ServerApp] Shutting down on /api/shutdown request.
[I 2022-07-13 18:57:24.299 ServerApp] Shutting down 0 kernels
/panel-preview/ /panel-preview
