NumExpr defaulting to 8 threads.
[I 2022-08-06 20:29:43.088 ServerApp] jupyterlab | extension was successfully linked.
[I 2022-08-06 20:29:43.316 ServerApp] nbclassic | extension was successfully linked.
[I 2022-08-06 20:29:43.316 ServerApp] panel.io.jupyter_server_extension | extension was successfully linked.
[I 2022-08-06 20:29:43.356 ServerApp] The port 8888 is already in use, trying another port.
[I 2022-08-06 20:29:43.362 LabApp] JupyterLab extension loaded from /Users/michaelcruz/opt/anaconda3/envs/dev/lib/python3.8/site-packages/jupyterlab
[I 2022-08-06 20:29:43.362 LabApp] JupyterLab application directory is /Users/michaelcruz/opt/anaconda3/envs/dev/share/jupyter/lab
[I 2022-08-06 20:29:43.366 ServerApp] jupyterlab | extension was successfully loaded.
[I 2022-08-06 20:29:43.369 ServerApp] nbclassic | extension was successfully loaded.
[I 2022-08-06 20:29:43.370 ServerApp] panel.io.jupyter_server_extension | extension was successfully loaded.
[I 2022-08-06 20:29:43.371 ServerApp] Serving notebooks from local directory: /Users/michaelcruz/git/FinTech-Mod7-Challenge
[I 2022-08-06 20:29:43.371 ServerApp] Jupyter Server 1.4.1 is running at:
[I 2022-08-06 20:29:43.371 ServerApp] http://localhost:8889/lab
[I 2022-08-06 20:29:43.371 ServerApp]  or http://127.0.0.1:8889/lab
[I 2022-08-06 20:29:43.371 ServerApp] Use Control-C to stop this server and shut down all kernels (twice to skip confirmation).
TermSocket.open: 1
[I 2022-08-06 20:29:49.706 ServerApp] New terminal with specified name: 1
TermSocket.open: Opened 1
TermSocket.open: 2
[I 2022-08-06 20:29:49.722 ServerApp] New terminal with specified name: 2
TermSocket.open: Opened 2
[I 2022-08-06 20:29:49.763 LabApp] Build is up to date
[W 2022-08-06 20:29:55.161 ServerApp] Notebook challenge.ipynb is not trusted
[I 2022-08-06 20:29:55.409 ServerApp] Kernel started: a5f62493-3528-427e-85e2-4780aa8ef627
[I 2022-08-06 20:31:55.304 ServerApp] Saving file at /challenge.ipynb
[I 2022-08-06 20:33:55.364 ServerApp] Saving file at /challenge.ipynb
[I 2022-08-06 20:35:55.412 ServerApp] Saving file at /challenge.ipynb
[I 2022-08-06 20:37:55.458 ServerApp] Saving file at /challenge.ipynb
[I 2022-08-06 20:38:58.029 ServerApp] Saving file at /challenge.ipynb
[I 2022-08-06 20:40:58.067 ServerApp] Saving file at /challenge.ipynb
[I 2022-08-06 20:42:58.109 ServerApp] Saving file at /challenge.ipynb
[I 2022-08-06 20:44:58.156 ServerApp] Saving file at /challenge.ipynb
[I 2022-08-06 20:46:58.207 ServerApp] Saving file at /challenge.ipynb
[I 2022-08-06 20:48:58.255 ServerApp] Saving file at /challenge.ipynb
[I 2022-08-06 20:50:08.652 ServerApp] Saving file at /challenge.ipynb
[W 2022-08-06 21:50:16.466 ServerApp] Notebook visual_data_analysis.ipynb is not trusted
[I 2022-08-06 21:50:16.697 ServerApp] Kernel started: 692a6320-054c-4f91-a1e2-e9485f45876e
[I 2022-08-06 21:52:16.750 ServerApp] Saving file at /visual_data_analysis.ipynb
[I 2022-08-06 21:56:17.137 ServerApp] Saving file at /visual_data_analysis.ipynb
[I 2022-08-06 23:17:30.976 ServerApp] Saving file at /visual_data_analysis.ipynb
[I 2022-08-06 23:19:31.551 ServerApp] Saving file at /visual_data_analysis.ipynb
[I 2022-08-06 23:21:31.954 ServerApp] Saving file at /visual_data_analysis.ipynb
[I 2022-08-06 23:23:32.356 ServerApp] Saving file at /visual_data_analysis.ipynb
[I 2022-08-06 23:27:32.712 ServerApp] Saving file at /visual_data_analysis.ipynb
[I 2022-08-06 23:29:33.122 ServerApp] Saving file at /visual_data_analysis.ipynb
[I 2022-08-06 23:31:33.511 ServerApp] Saving file at /visual_data_analysis.ipynb
[I 2022-08-06 23:33:33.387 ServerApp] Saving file at /visual_data_analysis.ipynb
[I 2022-08-06 23:35:33.780 ServerApp] Saving file at /visual_data_analysis.ipynb
[I 2022-08-06 23:37:34.163 ServerApp] Saving file at /visual_data_analysis.ipynb
[I 2022-08-06 23:37:58.559 ServerApp] Saving file at /visual_data_analysis.ipynb
[I 2022-08-06 23:39:58.920 ServerApp] Saving file at /visual_data_analysis.ipynb
[I 2022-08-06 23:41:59.296 ServerApp] Saving file at /visual_data_analysis.ipynb
[I 2022-08-07 00:03:59.703 ServerApp] Saving file at /visual_data_analysis.ipynb
[I 2022-08-07 00:05:15.190 ServerApp] Saving file at /visual_data_analysis.ipynb
[I 2022-08-07 00:07:15.618 ServerApp] Saving file at /visual_data_analysis.ipynb
[I 2022-08-07 00:09:16.068 ServerApp] Saving file at /visual_data_analysis.ipynb
[I 2022-08-07 09:27:40.705 ServerApp] Saving file at /visual_data_analysis.ipynb
[I 2022-08-07 09:29:41.226 ServerApp] Saving file at /visual_data_analysis.ipynb
[I 2022-08-07 09:30:10.585 ServerApp] Saving file at /visual_data_analysis.ipynb
[I 2022-08-07 09:32:11.034 ServerApp] Saving file at /visual_data_analysis.ipynb
[I 2022-08-07 09:42:11.410 ServerApp] Saving file at /visual_data_analysis.ipynb
[I 2022-08-07 09:44:11.796 ServerApp] Saving file at /visual_data_analysis.ipynb
[I 2022-08-07 09:46:12.208 ServerApp] Saving file at /visual_data_analysis.ipynb
[I 2022-08-07 09:48:12.583 ServerApp] Saving file at /visual_data_analysis.ipynb
[I 2022-08-07 09:49:52.922 ServerApp] Saving file at /visual_data_analysis.ipynb
[I 2022-08-07 09:51:53.281 ServerApp] Saving file at /visual_data_analysis.ipynb
[I 2022-08-07 09:53:53.652 ServerApp] Saving file at /visual_data_analysis.ipynb
[I 2022-08-07 09:55:54.110 ServerApp] Saving file at /visual_data_analysis.ipynb
[I 2022-08-07 09:57:54.489 ServerApp] Saving file at /visual_data_analysis.ipynb
[I 2022-08-07 10:01:54.913 ServerApp] Saving file at /visual_data_analysis.ipynb
[I 2022-08-07 10:03:55.319 ServerApp] Saving file at /visual_data_analysis.ipynb
[I 2022-08-07 10:04:49.130 ServerApp] Saving file at /visual_data_analysis.ipynb
[I 2022-08-07 10:05:35.405 ServerApp] Saving file at /visual_data_analysis.ipynb
[I 2022-08-07 10:07:35.784 ServerApp] Saving file at /visual_data_analysis.ipynb
[I 2022-08-07 10:09:20.736 ServerApp] Saving file at /visual_data_analysis.ipynb
[I 2022-08-07 10:11:21.076 ServerApp] Saving file at /visual_data_analysis.ipynb
[I 2022-08-07 10:13:04.786 ServerApp] Saving file at /visual_data_analysis.ipynb
[I 2022-08-07 10:13:22.691 ServerApp] Creating new directory in 
[W 2022-08-07 10:13:28.508 ServerApp] delete /Untitled Folder
[I 2022-08-07 10:13:31.006 ServerApp] New terminal with automatic name: 3
TermSocket.open: 3
TermSocket.open: Opened 3
